<?xml version="1.0" encoding="UTF-8"?>
<testsuite xmlns:xsi="http://www.w3.org/2001/XMLSchema-instance" xsi:noNamespaceSchemaLocation="https://maven.apache.org/surefire/maven-surefire-plugin/xsd/surefire-test-report-3.0.xsd" version="3.0" name="TestSuite" time="2.626" tests="7" errors="0" skipped="0" failures="0">
  <properties>
[...]
</properties>
  <testcase name="runScenario[&quot;Login should fail with both user or  pass null&quot;, &quot;Login function test&quot;](1)" classname="com.test.run.Runner" time="2.334">
    <system-out><![CDATA[Log out button there or not = false
Log out button there or not = false
Log out button there or not = false
Log out button there or not = false
Log out button there or not = false
Log out button there or not = false
Log out button there or not = false
]]></system-out>
    <system-err><![CDATA[SLF4J(W): No SLF4J providers were found.
SLF4J(W): Defaulting to no-operation (NOP) logger implementation
SLF4J(W): See https://www.slf4j.org/codes.html#noProviders for further details.
Mar 21, 2026 8:47:34 PM org.openqa.selenium.devtools.CdpVersionFinder findNearestMatch
WARNING: Unable to find an exact match for CDP version 146, returning the closest version; found: 142; Please update to a Selenium version that supports CDP version 146
Mar 21, 2026 8:47:34 PM org.openqa.selenium.devtools.CdpVersionFinder findNearestMatch
WARNING: Unable to find an exact match for CDP version 146, returning the closest version; found: 142; Please update to a Selenium version that supports CDP version 146
Mar 21, 2026 8:47:34 PM org.openqa.selenium.devtools.CdpVersionFinder findNearestMatch
WARNING: Unable to find an exact match for CDP version 146, returning the closest version; found: 142; Please update to a Selenium version that supports CDP version 146
Mar 21, 2026 8:47:34 PM org.openqa.selenium.devtools.CdpVersionFinder findNearestMatch
WARNING: Unable to find an exact match for CDP version 146, returning the closest version; found: 142; Please update to a Selenium version that supports CDP version 146
Mar 21, 2026 8:47:34 PM org.openqa.selenium.devtools.CdpVersionFinder findNearestMatch
WARNING: Unable to find an exact match for CDP version 146, returning the closest version; found: 142; Please update to a Selenium version that supports CDP version 146
Mar 21, 2026 8:47:34 PM org.openqa.selenium.devtools.CdpVersionFinder findNearestMatch
WARNING: Unable to find an exact match for CDP version 146, returning the closest version; found: 142; Please update to a Selenium version that supports CDP version 146
Mar 21, 2026 8:47:34 PM org.openqa.selenium.devtools.CdpVersionFinder findNearestMatch
WARNING: Unable to find an exact match for CDP version 146, returning the closest version; found: 142; Please update to a Selenium version that supports CDP version 146
]]></system-err>
  </testcase>
  <testcase name="runScenario[&quot;Login should fail with null user or  pass valid&quot;, &quot;Login function test&quot;](2)" classname="com.test.run.Runner" time="2.357"/>
  <testcase name="runScenario[&quot;Login should pass with valid User name and pass&quot;, &quot;Login function test&quot;](3)" classname="com.test.run.Runner" time="2.365"/>
  <testcase name="runScenario[&quot;Login should fail with valid user or invalid pass&quot;, &quot;Login function test&quot;](4)" classname="com.test.run.Runner" time="2.372"/>
  <testcase name="runScenario[&quot;Login should fail with valid user or  pass null&quot;, &quot;Login function test&quot;](5)" classname="com.test.run.Runner" time="2.384"/>
  <testcase name="runScenario[&quot;Login should fail with invalid or wrong credentials&quot;, &quot;Login function test&quot;](6)" classname="com.test.run.Runner" time="2.391"/>
  <testcase name="runScenario[&quot;Login should fail with invalid user or valid pass&quot;, &quot;Login function test&quot;](7)" classname="com.test.run.Runner" time="2.395"/>
</testsuite>