<?xml version="1.0" encoding="UTF-8"?>
<testng-results ignored="0" total="7" passed="7" failed="0" skipped="0">
  <reporter-output>
  </reporter-output>
  <suite started-at="2026-03-21T20:44:37 EDT" name="Default suite" finished-at="2026-03-21T20:44:41 EDT" duration-ms="3117">
    <groups>
      <group name="cucumber">
        <method signature="AbstractTestNGCucumberTests.runScenario(io.cucumber.testng.PickleWrapper,io.cucumber.testng.FeatureWrapper)[pri:0, instance:com.test.run.Runner@7ec7ffd3]" name="runScenario" class="io.cucumber.testng.AbstractTestNGCucumberTests"/>
      </group> <!-- cucumber -->
    </groups>
    <test started-at="2026-03-21T20:44:37 EDT" name="Default test" finished-at="2026-03-21T20:44:41 EDT" duration-ms="3117">
      <class name="com.test.run.Runner">
        <test-method is-config="true" signature="setUpClass(org.testng.ITestContext)[pri:0, instance:com.test.run.Runner@7ec7ffd3]" started-at="2026-03-21T20:44:37 EDT" name="setUpClass" finished-at="2026-03-21T20:44:38 EDT" duration-ms="95" status="PASS">
          <params>
            <param index="0">
              <value>
                <![CDATA[org.testng.TestRunner@36546a22]]>
              </value>
            </param>
          </params>
          <reporter-output>
          </reporter-output>
        </test-method> <!-- setUpClass -->
        <test-method signature="runScenario(io.cucumber.testng.PickleWrapper,io.cucumber.testng.FeatureWrapper)[pri:0, instance:com.test.run.Runner@7ec7ffd3]" started-at="2026-03-21T20:44:38 EDT" name="runScenario" description="Runs Cucumber Scenarios" data-provider="scenarios" finished-at="2026-03-21T20:44:40 EDT" duration-ms="2860" status="PASS">
          <params>
            <param index="0">
              <value>
                <![CDATA["Login should fail with valid user or invalid pass"]]>
              </value>
            </param>
            <param index="1">
              <value>
                <![CDATA["Login function test"]]>
              </value>
            </param>
          </params>
          <reporter-output>
          </reporter-output>
        </test-method> <!-- runScenario -->
        <test-method signature="runScenario(io.cucumber.testng.PickleWrapper,io.cucumber.testng.FeatureWrapper)[pri:0, instance:com.test.run.Runner@7ec7ffd3]" started-at="2026-03-21T20:44:38 EDT" name="runScenario" description="Runs Cucumber Scenarios" data-provider="scenarios" finished-at="2026-03-21T20:44:41 EDT" duration-ms="2988" status="PASS">
          <params>
            <param index="0">
              <value>
                <![CDATA["Login should fail with invalid user or valid pass"]]>
              </value>
            </param>
            <param index="1">
              <value>
                <![CDATA["Login function test"]]>
              </value>
            </param>
          </params>
          <reporter-output>
          </reporter-output>
        </test-method> <!-- runScenario -->
        <test-method signature="runScenario(io.cucumber.testng.PickleWrapper,io.cucumber.testng.FeatureWrapper)[pri:0, instance:com.test.run.Runner@7ec7ffd3]" started-at="2026-03-21T20:44:38 EDT" name="runScenario" description="Runs Cucumber Scenarios" data-provider="scenarios" finished-at="2026-03-21T20:44:40 EDT" duration-ms="2860" status="PASS">
          <params>
            <param index="0">
              <value>
                <![CDATA["Login should fail with null user or  pass valid"]]>
              </value>
            </param>
            <param index="1">
              <value>
                <![CDATA["Login function test"]]>
              </value>
            </param>
          </params>
          <reporter-output>
          </reporter-output>
        </test-method> <!-- runScenario -->
        <test-method signature="runScenario(io.cucumber.testng.PickleWrapper,io.cucumber.testng.FeatureWrapper)[pri:0, instance:com.test.run.Runner@7ec7ffd3]" started-at="2026-03-21T20:44:38 EDT" name="runScenario" description="Runs Cucumber Scenarios" data-provider="scenarios" finished-at="2026-03-21T20:44:40 EDT" duration-ms="2860" status="PASS">
          <params>
            <param index="0">
              <value>
                <![CDATA["Login should fail with invalid or wrong credentials"]]>
              </value>
            </param>
            <param index="1">
              <value>
                <![CDATA["Login function test"]]>
              </value>
            </param>
          </params>
          <reporter-output>
          </reporter-output>
        </test-method> <!-- runScenario -->
        <test-method signature="runScenario(io.cucumber.testng.PickleWrapper,io.cucumber.testng.FeatureWrapper)[pri:0, instance:com.test.run.Runner@7ec7ffd3]" started-at="2026-03-21T20:44:38 EDT" name="runScenario" description="Runs Cucumber Scenarios" data-provider="scenarios" finished-at="2026-03-21T20:44:41 EDT" duration-ms="2961" status="PASS">
          <params>
            <param index="0">
              <value>
                <![CDATA["Login should fail with both user or  pass null"]]>
              </value>
            </param>
            <param index="1">
              <value>
                <![CDATA["Login function test"]]>
              </value>
            </param>
          </params>
          <reporter-output>
          </reporter-output>
        </test-method> <!-- runScenario -->
        <test-method signature="runScenario(io.cucumber.testng.PickleWrapper,io.cucumber.testng.FeatureWrapper)[pri:0, instance:com.test.run.Runner@7ec7ffd3]" started-at="2026-03-21T20:44:38 EDT" name="runScenario" description="Runs Cucumber Scenarios" data-provider="scenarios" finished-at="2026-03-21T20:44:40 EDT" duration-ms="2860" status="PASS">
          <params>
            <param index="0">
              <value>
                <![CDATA["Login should pass with valid User name and pass"]]>
              </value>
            </param>
            <param index="1">
              <value>
                <![CDATA["Login function test"]]>
              </value>
            </param>
          </params>
          <reporter-output>
          </reporter-output>
        </test-method> <!-- runScenario -->
        <test-method signature="runScenario(io.cucumber.testng.PickleWrapper,io.cucumber.testng.FeatureWrapper)[pri:0, instance:com.test.run.Runner@7ec7ffd3]" started-at="2026-03-21T20:44:38 EDT" name="runScenario" description="Runs Cucumber Scenarios" data-provider="scenarios" finished-at="2026-03-21T20:44:40 EDT" duration-ms="2860" status="PASS">
          <params>
            <param index="0">
              <value>
                <![CDATA["Login should fail with valid user or  pass null"]]>
              </value>
            </param>
            <param index="1">
              <value>
                <![CDATA["Login function test"]]>
              </value>
            </param>
          </params>
          <reporter-output>
          </reporter-output>
        </test-method> <!-- runScenario -->
        <test-method is-config="true" signature="tearDownClass()[pri:0, instance:com.test.run.Runner@7ec7ffd3]" started-at="2026-03-21T20:44:41 EDT" name="tearDownClass" finished-at="2026-03-21T20:44:41 EDT" duration-ms="23" status="PASS">
          <reporter-output>
          </reporter-output>
        </test-method> <!-- tearDownClass -->
      </class> <!-- com.test.run.Runner -->
    </test> <!-- Default test -->
  </suite> <!-- Default suite -->
</testng-results>
