<?xml version="1.0" encoding="UTF-8"?>
<!-- Generated by org.testng.reporters.JUnitReportReporter -->
<testsuite hostname="Sattas-MBP" failures="0" tests="7" name="com.test.run.Runner" time="16.540" errors="0" timestamp="2026-03-26T19:54:03 EDT" skipped="0">
  <testcase classname="com.test.run.Runner" name="runScenario" time="2.326"/>
  <testcase classname="com.test.run.Runner" name="runScenario" time="2.395"/>
  <testcase classname="com.test.run.Runner" name="runScenario" time="2.373"/>
  <testcase classname="com.test.run.Runner" name="runScenario" time="2.343"/>
  <testcase classname="com.test.run.Runner" name="runScenario" time="2.354"/>
  <testcase classname="com.test.run.Runner" name="runScenario" time="2.371"/>
  <testcase classname="com.test.run.Runner" name="runScenario" time="2.378"/>
</testsuite> <!-- com.test.run.Runner -->
