<?xml version="1.0" encoding="UTF-8"?>
<!-- Generated by org.testng.reporters.JUnitReportReporter -->
<testsuite hostname="Sattas-MBP" failures="0" tests="7" name="com.test.run.Runner" time="34.714" errors="0" timestamp="2026-03-23T21:18:58 EDT" skipped="0">
  <testcase classname="com.test.run.Runner" name="runScenario" time="4.934"/>
  <testcase classname="com.test.run.Runner" name="runScenario" time="5.020"/>
  <testcase classname="com.test.run.Runner" name="runScenario" time="4.823"/>
  <testcase classname="com.test.run.Runner" name="runScenario" time="4.985"/>
  <testcase classname="com.test.run.Runner" name="runScenario" time="4.985"/>
  <testcase classname="com.test.run.Runner" name="runScenario" time="4.981"/>
  <testcase classname="com.test.run.Runner" name="runScenario" time="4.986"/>
</testsuite> <!-- com.test.run.Runner -->
