<?xml version="1.0" encoding="UTF-8"?>
<!-- Generated by org.testng.reporters.JUnitReportReporter -->
<testsuite hostname="Sattas-MBP" failures="0" tests="7" name="com.test.run.Runner" time="16.600" errors="0" timestamp="2026-03-21T20:47:35 EDT" skipped="0">
  <testcase classname="com.test.run.Runner" name="runScenario" time="2.392"/>
  <testcase classname="com.test.run.Runner" name="runScenario" time="2.372"/>
  <testcase classname="com.test.run.Runner" name="runScenario" time="2.384"/>
  <testcase classname="com.test.run.Runner" name="runScenario" time="2.365"/>
  <testcase classname="com.test.run.Runner" name="runScenario" time="2.358"/>
  <testcase classname="com.test.run.Runner" name="runScenario" time="2.333"/>
  <testcase classname="com.test.run.Runner" name="runScenario" time="2.396"/>
</testsuite> <!-- com.test.run.Runner -->
